<?xml version="1.0" encoding="UTF-8"?>
<testng-results ignored="0" total="1" passed="1" failed="0" skipped="0">
  <reporter-output>
  </reporter-output>
  <suite started-at="2026-08-29T16:42:27 IST" name="Surefire suite" finished-at="2026-08-29T16:42:56 IST" duration-ms="29066">
    <groups>
    </groups>
    <test started-at="2026-08-29T16:42:27 IST" name="Surefire test" finished-at="2026-08-29T16:42:56 IST" duration-ms="29066">
      <class name="com.enterprise.tests.InvalidLoginTest">
        <test-method is-config="true" signature="setUp()[pri:0, instance:com.enterprise.tests.InvalidLoginTest@7219ec67]" started-at="2026-08-29T16:42:27 IST" name="setUp" finished-at="2026-08-29T16:42:37 IST" duration-ms="10340" status="PASS">
          <reporter-output>
          </reporter-output>
        </test-method> <!-- setUp -->
        <test-method signature="verifyInvalidLoginShowsErrorMessage()[pri:0, instance:com.enterprise.tests.InvalidLoginTest@7219ec67]" started-at="2026-08-29T16:42:37 IST" name="verifyInvalidLoginShowsErrorMessage" finished-at="2026-08-29T16:42:54 IST" duration-ms="16403" status="PASS">
          <reporter-output>
          </reporter-output>
        </test-method> <!-- verifyInvalidLoginShowsErrorMessage -->
        <test-method is-config="true" signature="tearDown()[pri:0, instance:com.enterprise.tests.InvalidLoginTest@7219ec67]" started-at="2026-08-29T16:42:54 IST" name="tearDown" finished-at="2026-08-29T16:42:56 IST" duration-ms="2204" status="PASS">
          <reporter-output>
          </reporter-output>
        </test-method> <!-- tearDown -->
      </class> <!-- com.enterprise.tests.InvalidLoginTest -->
    </test> <!-- Surefire test -->
  </suite> <!-- Surefire suite -->
</testng-results>
